Determining if the pthread_create exist failed with the following output:
Change Dir: /home/caesar/Desktop/ROS/xarm_ws/build/CMakeFiles/CMakeTmp

Run Build Command:"/usr/bin/make" "cmTC_187ab/fast"
/usr/bin/make -f CMakeFiles/cmTC_187ab.dir/build.make CMakeFiles/cmTC_187ab.dir/build
make[1]: Entering directory '/home/caesar/Desktop/ROS/xarm_ws/build/CMakeFiles/CMakeTmp'
Building C object CMakeFiles/cmTC_187ab.dir/CheckSymbolExists.c.o
/usr/bin/cc    -o CMakeFiles/cmTC_187ab.dir/CheckSymbolExists.c.o   -c /home/caesar/Desktop/ROS/xarm_ws/build/CMakeFiles/CMakeTmp/CheckSymbolExists.c
Linking C executable cmTC_187ab
/usr/bin/cmake -E cmake_link_script CMakeFiles/cmTC_187ab.dir/link.txt --verbose=1
/usr/bin/cc      -rdynamic CMakeFiles/cmTC_187ab.dir/CheckSymbolExists.c.o  -o cmTC_187ab 
CMakeFiles/cmTC_187ab.dir/CheckSymbolExists.c.o: In function `main':
CheckSymbolExists.c:(.text+0x1b): undefined reference to `pthread_create'
collect2: error: ld returned 1 exit status
CMakeFiles/cmTC_187ab.dir/build.make:97: recipe for target 'cmTC_187ab' failed
make[1]: *** [cmTC_187ab] Error 1
make[1]: Leaving directory '/home/caesar/Desktop/ROS/xarm_ws/build/CMakeFiles/CMakeTmp'
Makefile:126: recipe for target 'cmTC_187ab/fast' failed
make: *** [cmTC_187ab/fast] Error 2

File /home/caesar/Desktop/ROS/xarm_ws/build/CMakeFiles/CMakeTmp/CheckSymbolExists.c:
/* */
#include <pthread.h>

int main(int argc, char** argv)
{
  (void)argv;
#ifndef pthread_create
  return ((int*)(&pthread_create))[argc];
#else
  (void)argc;
  return 0;
#endif
}

Determining if the function pthread_create exists in the pthreads failed with the following output:
Change Dir: /home/caesar/Desktop/ROS/xarm_ws/build/CMakeFiles/CMakeTmp

Run Build Command:"/usr/bin/make" "cmTC_aab46/fast"
/usr/bin/make -f CMakeFiles/cmTC_aab46.dir/build.make CMakeFiles/cmTC_aab46.dir/build
make[1]: Entering directory '/home/caesar/Desktop/ROS/xarm_ws/build/CMakeFiles/CMakeTmp'
Building C object CMakeFiles/cmTC_aab46.dir/CheckFunctionExists.c.o
/usr/bin/cc   -DCHECK_FUNCTION_EXISTS=pthread_create   -o CMakeFiles/cmTC_aab46.dir/CheckFunctionExists.c.o   -c /usr/share/cmake-3.10/Modules/CheckFunctionExists.c
Linking C executable cmTC_aab46
/usr/bin/cmake -E cmake_link_script CMakeFiles/cmTC_aab46.dir/link.txt --verbose=1
/usr/bin/cc  -DCHECK_FUNCTION_EXISTS=pthread_create    -rdynamic CMakeFiles/cmTC_aab46.dir/CheckFunctionExists.c.o  -o cmTC_aab46 -lpthreads 
/usr/bin/ld: cannot find -lpthreads
collect2: error: ld returned 1 exit status
CMakeFiles/cmTC_aab46.dir/build.make:97: recipe for target 'cmTC_aab46' failed
make[1]: *** [cmTC_aab46] Error 1
make[1]: Leaving directory '/home/caesar/Desktop/ROS/xarm_ws/build/CMakeFiles/CMakeTmp'
Makefile:126: recipe for target 'cmTC_aab46/fast' failed
make: *** [cmTC_aab46/fast] Error 2


