Determining if the pthread_create exist failed with the following output:
Change Dir: /home/caesar/Desktop/ROS/ws_moveit/build/arm_assembly_4/CMakeFiles/CMakeTmp

Run Build Command:"/usr/bin/make" "cmTC_58aba/fast"
/usr/bin/make -f CMakeFiles/cmTC_58aba.dir/build.make CMakeFiles/cmTC_58aba.dir/build
make[1]: Entering directory '/home/caesar/Desktop/ROS/ws_moveit/build/arm_assembly_4/CMakeFiles/CMakeTmp'
Building C object CMakeFiles/cmTC_58aba.dir/CheckSymbolExists.c.o
/usr/bin/cc    -o CMakeFiles/cmTC_58aba.dir/CheckSymbolExists.c.o   -c /home/caesar/Desktop/ROS/ws_moveit/build/arm_assembly_4/CMakeFiles/CMakeTmp/CheckSymbolExists.c
Linking C executable cmTC_58aba
/usr/bin/cmake -E cmake_link_script CMakeFiles/cmTC_58aba.dir/link.txt --verbose=1
/usr/bin/cc      -rdynamic CMakeFiles/cmTC_58aba.dir/CheckSymbolExists.c.o  -o cmTC_58aba 
CMakeFiles/cmTC_58aba.dir/CheckSymbolExists.c.o: In function `main':
CheckSymbolExists.c:(.text+0x1b): undefined reference to `pthread_create'
collect2: error: ld returned 1 exit status
CMakeFiles/cmTC_58aba.dir/build.make:97: recipe for target 'cmTC_58aba' failed
make[1]: *** [cmTC_58aba] Error 1
make[1]: Leaving directory '/home/caesar/Desktop/ROS/ws_moveit/build/arm_assembly_4/CMakeFiles/CMakeTmp'
Makefile:126: recipe for target 'cmTC_58aba/fast' failed
make: *** [cmTC_58aba/fast] Error 2

File /home/caesar/Desktop/ROS/ws_moveit/build/arm_assembly_4/CMakeFiles/CMakeTmp/CheckSymbolExists.c:
/* */
#include <pthread.h>

int main(int argc, char** argv)
{
  (void)argv;
#ifndef pthread_create
  return ((int*)(&pthread_create))[argc];
#else
  (void)argc;
  return 0;
#endif
}

Determining if the function pthread_create exists in the pthreads failed with the following output:
Change Dir: /home/caesar/Desktop/ROS/ws_moveit/build/arm_assembly_4/CMakeFiles/CMakeTmp

Run Build Command:"/usr/bin/make" "cmTC_d3837/fast"
/usr/bin/make -f CMakeFiles/cmTC_d3837.dir/build.make CMakeFiles/cmTC_d3837.dir/build
make[1]: Entering directory '/home/caesar/Desktop/ROS/ws_moveit/build/arm_assembly_4/CMakeFiles/CMakeTmp'
Building C object CMakeFiles/cmTC_d3837.dir/CheckFunctionExists.c.o
/usr/bin/cc   -DCHECK_FUNCTION_EXISTS=pthread_create   -o CMakeFiles/cmTC_d3837.dir/CheckFunctionExists.c.o   -c /usr/share/cmake-3.10/Modules/CheckFunctionExists.c
Linking C executable cmTC_d3837
/usr/bin/cmake -E cmake_link_script CMakeFiles/cmTC_d3837.dir/link.txt --verbose=1
/usr/bin/cc  -DCHECK_FUNCTION_EXISTS=pthread_create    -rdynamic CMakeFiles/cmTC_d3837.dir/CheckFunctionExists.c.o  -o cmTC_d3837 -lpthreads 
/usr/bin/ld: cannot find -lpthreads
collect2: error: ld returned 1 exit status
CMakeFiles/cmTC_d3837.dir/build.make:97: recipe for target 'cmTC_d3837' failed
make[1]: *** [cmTC_d3837] Error 1
make[1]: Leaving directory '/home/caesar/Desktop/ROS/ws_moveit/build/arm_assembly_4/CMakeFiles/CMakeTmp'
Makefile:126: recipe for target 'cmTC_d3837/fast' failed
make: *** [cmTC_d3837/fast] Error 2


