Determining if the pthread_create exist failed with the following output:
Change Dir: /home/caesar/Desktop/ROS/ws_moveit/build/arm_assembly_6_moveit_config_2/CMakeFiles/CMakeTmp

Run Build Command:"/usr/bin/make" "cmTC_2392f/fast"
/usr/bin/make -f CMakeFiles/cmTC_2392f.dir/build.make CMakeFiles/cmTC_2392f.dir/build
make[1]: Entering directory '/home/caesar/Desktop/ROS/ws_moveit/build/arm_assembly_6_moveit_config_2/CMakeFiles/CMakeTmp'
Building C object CMakeFiles/cmTC_2392f.dir/CheckSymbolExists.c.o
/usr/bin/cc    -o CMakeFiles/cmTC_2392f.dir/CheckSymbolExists.c.o   -c /home/caesar/Desktop/ROS/ws_moveit/build/arm_assembly_6_moveit_config_2/CMakeFiles/CMakeTmp/CheckSymbolExists.c
Linking C executable cmTC_2392f
/usr/bin/cmake -E cmake_link_script CMakeFiles/cmTC_2392f.dir/link.txt --verbose=1
/usr/bin/cc      -rdynamic CMakeFiles/cmTC_2392f.dir/CheckSymbolExists.c.o  -o cmTC_2392f 
CMakeFiles/cmTC_2392f.dir/CheckSymbolExists.c.o: In function `main':
CheckSymbolExists.c:(.text+0x1b): undefined reference to `pthread_create'
collect2: error: ld returned 1 exit status
CMakeFiles/cmTC_2392f.dir/build.make:97: recipe for target 'cmTC_2392f' failed
make[1]: *** [cmTC_2392f] Error 1
make[1]: Leaving directory '/home/caesar/Desktop/ROS/ws_moveit/build/arm_assembly_6_moveit_config_2/CMakeFiles/CMakeTmp'
Makefile:126: recipe for target 'cmTC_2392f/fast' failed
make: *** [cmTC_2392f/fast] Error 2

File /home/caesar/Desktop/ROS/ws_moveit/build/arm_assembly_6_moveit_config_2/CMakeFiles/CMakeTmp/CheckSymbolExists.c:
/* */
#include <pthread.h>

int main(int argc, char** argv)
{
  (void)argv;
#ifndef pthread_create
  return ((int*)(&pthread_create))[argc];
#else
  (void)argc;
  return 0;
#endif
}

Determining if the function pthread_create exists in the pthreads failed with the following output:
Change Dir: /home/caesar/Desktop/ROS/ws_moveit/build/arm_assembly_6_moveit_config_2/CMakeFiles/CMakeTmp

Run Build Command:"/usr/bin/make" "cmTC_b8505/fast"
/usr/bin/make -f CMakeFiles/cmTC_b8505.dir/build.make CMakeFiles/cmTC_b8505.dir/build
make[1]: Entering directory '/home/caesar/Desktop/ROS/ws_moveit/build/arm_assembly_6_moveit_config_2/CMakeFiles/CMakeTmp'
Building C object CMakeFiles/cmTC_b8505.dir/CheckFunctionExists.c.o
/usr/bin/cc   -DCHECK_FUNCTION_EXISTS=pthread_create   -o CMakeFiles/cmTC_b8505.dir/CheckFunctionExists.c.o   -c /usr/share/cmake-3.10/Modules/CheckFunctionExists.c
Linking C executable cmTC_b8505
/usr/bin/cmake -E cmake_link_script CMakeFiles/cmTC_b8505.dir/link.txt --verbose=1
/usr/bin/cc  -DCHECK_FUNCTION_EXISTS=pthread_create    -rdynamic CMakeFiles/cmTC_b8505.dir/CheckFunctionExists.c.o  -o cmTC_b8505 -lpthreads 
/usr/bin/ld: cannot find -lpthreads
collect2: error: ld returned 1 exit status
CMakeFiles/cmTC_b8505.dir/build.make:97: recipe for target 'cmTC_b8505' failed
make[1]: *** [cmTC_b8505] Error 1
make[1]: Leaving directory '/home/caesar/Desktop/ROS/ws_moveit/build/arm_assembly_6_moveit_config_2/CMakeFiles/CMakeTmp'
Makefile:126: recipe for target 'cmTC_b8505/fast' failed
make: *** [cmTC_b8505/fast] Error 2


