Determining if the pthread_create exist failed with the following output:
Change Dir: /home/caesar/Desktop/ROS/ws_moveit/build/arm_assembly_6_moveit_config_1/CMakeFiles/CMakeTmp

Run Build Command:"/usr/bin/make" "cmTC_fbad1/fast"
/usr/bin/make -f CMakeFiles/cmTC_fbad1.dir/build.make CMakeFiles/cmTC_fbad1.dir/build
make[1]: Entering directory '/home/caesar/Desktop/ROS/ws_moveit/build/arm_assembly_6_moveit_config_1/CMakeFiles/CMakeTmp'
Building C object CMakeFiles/cmTC_fbad1.dir/CheckSymbolExists.c.o
/usr/bin/cc    -o CMakeFiles/cmTC_fbad1.dir/CheckSymbolExists.c.o   -c /home/caesar/Desktop/ROS/ws_moveit/build/arm_assembly_6_moveit_config_1/CMakeFiles/CMakeTmp/CheckSymbolExists.c
Linking C executable cmTC_fbad1
/usr/bin/cmake -E cmake_link_script CMakeFiles/cmTC_fbad1.dir/link.txt --verbose=1
/usr/bin/cc      -rdynamic CMakeFiles/cmTC_fbad1.dir/CheckSymbolExists.c.o  -o cmTC_fbad1 
CMakeFiles/cmTC_fbad1.dir/CheckSymbolExists.c.o: In function `main':
CheckSymbolExists.c:(.text+0x1b): undefined reference to `pthread_create'
collect2: error: ld returned 1 exit status
CMakeFiles/cmTC_fbad1.dir/build.make:97: recipe for target 'cmTC_fbad1' failed
make[1]: *** [cmTC_fbad1] Error 1
make[1]: Leaving directory '/home/caesar/Desktop/ROS/ws_moveit/build/arm_assembly_6_moveit_config_1/CMakeFiles/CMakeTmp'
Makefile:126: recipe for target 'cmTC_fbad1/fast' failed
make: *** [cmTC_fbad1/fast] Error 2

File /home/caesar/Desktop/ROS/ws_moveit/build/arm_assembly_6_moveit_config_1/CMakeFiles/CMakeTmp/CheckSymbolExists.c:
/* */
#include <pthread.h>

int main(int argc, char** argv)
{
  (void)argv;
#ifndef pthread_create
  return ((int*)(&pthread_create))[argc];
#else
  (void)argc;
  return 0;
#endif
}

Determining if the function pthread_create exists in the pthreads failed with the following output:
Change Dir: /home/caesar/Desktop/ROS/ws_moveit/build/arm_assembly_6_moveit_config_1/CMakeFiles/CMakeTmp

Run Build Command:"/usr/bin/make" "cmTC_cfbda/fast"
/usr/bin/make -f CMakeFiles/cmTC_cfbda.dir/build.make CMakeFiles/cmTC_cfbda.dir/build
make[1]: Entering directory '/home/caesar/Desktop/ROS/ws_moveit/build/arm_assembly_6_moveit_config_1/CMakeFiles/CMakeTmp'
Building C object CMakeFiles/cmTC_cfbda.dir/CheckFunctionExists.c.o
/usr/bin/cc   -DCHECK_FUNCTION_EXISTS=pthread_create   -o CMakeFiles/cmTC_cfbda.dir/CheckFunctionExists.c.o   -c /usr/share/cmake-3.10/Modules/CheckFunctionExists.c
Linking C executable cmTC_cfbda
/usr/bin/cmake -E cmake_link_script CMakeFiles/cmTC_cfbda.dir/link.txt --verbose=1
/usr/bin/cc  -DCHECK_FUNCTION_EXISTS=pthread_create    -rdynamic CMakeFiles/cmTC_cfbda.dir/CheckFunctionExists.c.o  -o cmTC_cfbda -lpthreads 
/usr/bin/ld: cannot find -lpthreads
collect2: error: ld returned 1 exit status
CMakeFiles/cmTC_cfbda.dir/build.make:97: recipe for target 'cmTC_cfbda' failed
make[1]: *** [cmTC_cfbda] Error 1
make[1]: Leaving directory '/home/caesar/Desktop/ROS/ws_moveit/build/arm_assembly_6_moveit_config_1/CMakeFiles/CMakeTmp'
Makefile:126: recipe for target 'cmTC_cfbda/fast' failed
make: *** [cmTC_cfbda/fast] Error 2


