Determining if the pthread_create exist failed with the following output:
Change Dir: /home/caesar/Desktop/ROS/ws_moveit/build/arm_assembly_2/CMakeFiles/CMakeTmp

Run Build Command:"/usr/bin/make" "cmTC_97ec3/fast"
/usr/bin/make -f CMakeFiles/cmTC_97ec3.dir/build.make CMakeFiles/cmTC_97ec3.dir/build
make[1]: Entering directory '/home/caesar/Desktop/ROS/ws_moveit/build/arm_assembly_2/CMakeFiles/CMakeTmp'
Building C object CMakeFiles/cmTC_97ec3.dir/CheckSymbolExists.c.o
/usr/bin/cc    -o CMakeFiles/cmTC_97ec3.dir/CheckSymbolExists.c.o   -c /home/caesar/Desktop/ROS/ws_moveit/build/arm_assembly_2/CMakeFiles/CMakeTmp/CheckSymbolExists.c
Linking C executable cmTC_97ec3
/usr/bin/cmake -E cmake_link_script CMakeFiles/cmTC_97ec3.dir/link.txt --verbose=1
/usr/bin/cc      -rdynamic CMakeFiles/cmTC_97ec3.dir/CheckSymbolExists.c.o  -o cmTC_97ec3 
CMakeFiles/cmTC_97ec3.dir/CheckSymbolExists.c.o: In function `main':
CheckSymbolExists.c:(.text+0x1b): undefined reference to `pthread_create'
collect2: error: ld returned 1 exit status
CMakeFiles/cmTC_97ec3.dir/build.make:97: recipe for target 'cmTC_97ec3' failed
make[1]: *** [cmTC_97ec3] Error 1
make[1]: Leaving directory '/home/caesar/Desktop/ROS/ws_moveit/build/arm_assembly_2/CMakeFiles/CMakeTmp'
Makefile:126: recipe for target 'cmTC_97ec3/fast' failed
make: *** [cmTC_97ec3/fast] Error 2

File /home/caesar/Desktop/ROS/ws_moveit/build/arm_assembly_2/CMakeFiles/CMakeTmp/CheckSymbolExists.c:
/* */
#include <pthread.h>

int main(int argc, char** argv)
{
  (void)argv;
#ifndef pthread_create
  return ((int*)(&pthread_create))[argc];
#else
  (void)argc;
  return 0;
#endif
}

Determining if the function pthread_create exists in the pthreads failed with the following output:
Change Dir: /home/caesar/Desktop/ROS/ws_moveit/build/arm_assembly_2/CMakeFiles/CMakeTmp

Run Build Command:"/usr/bin/make" "cmTC_aed3c/fast"
/usr/bin/make -f CMakeFiles/cmTC_aed3c.dir/build.make CMakeFiles/cmTC_aed3c.dir/build
make[1]: Entering directory '/home/caesar/Desktop/ROS/ws_moveit/build/arm_assembly_2/CMakeFiles/CMakeTmp'
Building C object CMakeFiles/cmTC_aed3c.dir/CheckFunctionExists.c.o
/usr/bin/cc   -DCHECK_FUNCTION_EXISTS=pthread_create   -o CMakeFiles/cmTC_aed3c.dir/CheckFunctionExists.c.o   -c /usr/share/cmake-3.10/Modules/CheckFunctionExists.c
Linking C executable cmTC_aed3c
/usr/bin/cmake -E cmake_link_script CMakeFiles/cmTC_aed3c.dir/link.txt --verbose=1
/usr/bin/cc  -DCHECK_FUNCTION_EXISTS=pthread_create    -rdynamic CMakeFiles/cmTC_aed3c.dir/CheckFunctionExists.c.o  -o cmTC_aed3c -lpthreads 
/usr/bin/ld: cannot find -lpthreads
collect2: error: ld returned 1 exit status
CMakeFiles/cmTC_aed3c.dir/build.make:97: recipe for target 'cmTC_aed3c' failed
make[1]: *** [cmTC_aed3c] Error 1
make[1]: Leaving directory '/home/caesar/Desktop/ROS/ws_moveit/build/arm_assembly_2/CMakeFiles/CMakeTmp'
Makefile:126: recipe for target 'cmTC_aed3c/fast' failed
make: *** [cmTC_aed3c/fast] Error 2


