Determining if the pthread_create exist failed with the following output:
Change Dir: /home/caesar/Desktop/ROS/ws_moveit/build/arm_assembly_3_moveit_config/CMakeFiles/CMakeTmp

Run Build Command:"/usr/bin/make" "cmTC_b296d/fast"
/usr/bin/make -f CMakeFiles/cmTC_b296d.dir/build.make CMakeFiles/cmTC_b296d.dir/build
make[1]: Entering directory '/home/caesar/Desktop/ROS/ws_moveit/build/arm_assembly_3_moveit_config/CMakeFiles/CMakeTmp'
Building C object CMakeFiles/cmTC_b296d.dir/CheckSymbolExists.c.o
/usr/bin/cc    -o CMakeFiles/cmTC_b296d.dir/CheckSymbolExists.c.o   -c /home/caesar/Desktop/ROS/ws_moveit/build/arm_assembly_3_moveit_config/CMakeFiles/CMakeTmp/CheckSymbolExists.c
Linking C executable cmTC_b296d
/usr/bin/cmake -E cmake_link_script CMakeFiles/cmTC_b296d.dir/link.txt --verbose=1
/usr/bin/cc      -rdynamic CMakeFiles/cmTC_b296d.dir/CheckSymbolExists.c.o  -o cmTC_b296d 
CMakeFiles/cmTC_b296d.dir/CheckSymbolExists.c.o: In function `main':
CheckSymbolExists.c:(.text+0x1b): undefined reference to `pthread_create'
collect2: error: ld returned 1 exit status
CMakeFiles/cmTC_b296d.dir/build.make:97: recipe for target 'cmTC_b296d' failed
make[1]: *** [cmTC_b296d] Error 1
make[1]: Leaving directory '/home/caesar/Desktop/ROS/ws_moveit/build/arm_assembly_3_moveit_config/CMakeFiles/CMakeTmp'
Makefile:126: recipe for target 'cmTC_b296d/fast' failed
make: *** [cmTC_b296d/fast] Error 2

File /home/caesar/Desktop/ROS/ws_moveit/build/arm_assembly_3_moveit_config/CMakeFiles/CMakeTmp/CheckSymbolExists.c:
/* */
#include <pthread.h>

int main(int argc, char** argv)
{
  (void)argv;
#ifndef pthread_create
  return ((int*)(&pthread_create))[argc];
#else
  (void)argc;
  return 0;
#endif
}

Determining if the function pthread_create exists in the pthreads failed with the following output:
Change Dir: /home/caesar/Desktop/ROS/ws_moveit/build/arm_assembly_3_moveit_config/CMakeFiles/CMakeTmp

Run Build Command:"/usr/bin/make" "cmTC_b3f5e/fast"
/usr/bin/make -f CMakeFiles/cmTC_b3f5e.dir/build.make CMakeFiles/cmTC_b3f5e.dir/build
make[1]: Entering directory '/home/caesar/Desktop/ROS/ws_moveit/build/arm_assembly_3_moveit_config/CMakeFiles/CMakeTmp'
Building C object CMakeFiles/cmTC_b3f5e.dir/CheckFunctionExists.c.o
/usr/bin/cc   -DCHECK_FUNCTION_EXISTS=pthread_create   -o CMakeFiles/cmTC_b3f5e.dir/CheckFunctionExists.c.o   -c /usr/share/cmake-3.10/Modules/CheckFunctionExists.c
Linking C executable cmTC_b3f5e
/usr/bin/cmake -E cmake_link_script CMakeFiles/cmTC_b3f5e.dir/link.txt --verbose=1
/usr/bin/cc  -DCHECK_FUNCTION_EXISTS=pthread_create    -rdynamic CMakeFiles/cmTC_b3f5e.dir/CheckFunctionExists.c.o  -o cmTC_b3f5e -lpthreads 
/usr/bin/ld: cannot find -lpthreads
collect2: error: ld returned 1 exit status
CMakeFiles/cmTC_b3f5e.dir/build.make:97: recipe for target 'cmTC_b3f5e' failed
make[1]: *** [cmTC_b3f5e] Error 1
make[1]: Leaving directory '/home/caesar/Desktop/ROS/ws_moveit/build/arm_assembly_3_moveit_config/CMakeFiles/CMakeTmp'
Makefile:126: recipe for target 'cmTC_b3f5e/fast' failed
make: *** [cmTC_b3f5e/fast] Error 2


